[sim] Invoked with arguments: -config /home/ubuntu/github/swarm_simvp/configs/64c.cfg -- /home/ubuntu/github/swarm_ecbsllhl_local/source_codes/ecbs_simple_swarm -i /home/ubuntu/github/libMultiRobotPlanning/benchmark/32x32_obst204/map_32by32_obst204_agents20_ex4.yaml -o output.yaml -w 1.2
[sim] Initialized system
Swarm
[DEBUG] sizeof(HighLevelNode) = 82944
[DEBUG] sizeof(PlanResult) = 2480
[DEBUG] sizeof(StateCost) = 16
[DEBUG] sizeof(ActionCost) = 8
[DEBUG] sizeof(HighLevelNode.solutions) = 49600
[DEBUG] sizeof(Constraint) = 1664
[DEBUG] sizeof(HighLevelNode.constraints) = 33280
[DEBUG] sizeof(camefrom) = 64
[DEBUG] sizeof(LLNodee) = 72
[sim] [0x0][0][0] start intiial soln after start
[sim] [0x0][0][0] lls focl simm
[HOOKS] ROI begin
[sim] When exiting FF, drained 1 initial tasks to TSB in 0 cycles
[sim] [0x419c80][3][1408462] is soln map size : 26, HLS nodenum: 1....x: 22, y: 8
[sim] [0x419c80][4][3092685] is soln map size : 22, HLS nodenum: 2....x: 5, y: 6
[sim] [0x419c80][3][4481165] is soln map size : 26, HLS nodenum: 3....x: 22, y: 8
[sim] [0x419c80][4][5423368] is soln map size : 29, HLS nodenum: 4....x: 5, y: 18
[sim] [0x419c80][2][6878821] is soln map size : 26, HLS nodenum: 7....x: 22, y: 8
[sim] [0x419c80][0][7832524] is soln map size : 29, HLS nodenum: 8....x: 5, y: 18
[sim] [0x419c80][2][9303629] is soln map size : 26, HLS nodenum: 15....x: 22, y: 8
[sim] [0x419c80][4][10243357] is soln map size : 29, HLS nodenum: 16....x: 5, y: 18
[sim] [0x419c80][3][11712422] is soln map size : 26, HLS nodenum: 31....x: 22, y: 8
[sim] [0x419c80][2][12651113] is soln map size : 29, HLS nodenum: 32....x: 5, y: 18
[sim] [0x419c80][0][14129677] is soln map size : 26, HLS nodenum: 63....x: 22, y: 8
[sim] [0x419c80][0][15064568] is soln map size : 29, HLS nodenum: 64....x: 5, y: 18
[sim] [0x419c80][3][16532352] is soln map size : 26, HLS nodenum: 127....x: 22, y: 8
[sim] [0x419c80][3][17463018] is soln map size : 29, HLS nodenum: 128....x: 5, y: 18
[sim] [0x419c80][4][18941685] is soln map size : 26, HLS nodenum: 255....x: 22, y: 8
[sim] [0x419c80][3][19897149] is soln map size : 29, HLS nodenum: 256....x: 5, y: 18
[sim] [0x419c80][2][21387796] is soln map size : 26, HLS nodenum: 31....x: 22, y: 8
[sim] [0x419c80][2][22323500] is soln map size : 29, HLS nodenum: 32....x: 5, y: 18
[sim] [0x419c80][3][23781604] is soln map size : 26, HLS nodenum: 63....x: 22, y: 8
[sim] [0x419c80][4][24719116] is soln map size : 29, HLS nodenum: 64....x: 5, y: 18
[sim] [0x419c80][2][26195992] is soln map size : 26, HLS nodenum: 127....x: 22, y: 8
[sim] [0x419c80][3][27141947] is soln map size : 29, HLS nodenum: 128....x: 5, y: 18
[sim] [0x419c80][0][28605421] is soln map size : 26, HLS nodenum: 255....x: 22, y: 8
[sim] [0x419c80][0][29552025] is soln map size : 29, HLS nodenum: 256....x: 5, y: 18
[sim] [0x419c80][4][31051064] is soln map size : 26, HLS nodenum: 31....x: 22, y: 8
[sim] [0x419c80][4][31993144] is soln map size : 29, HLS nodenum: 32....x: 5, y: 18
[sim] [0x419c80][3][33474832] is soln map size : 26, HLS nodenum: 63....x: 22, y: 8
[sim] [0x419c80][3][34413571] is soln map size : 29, HLS nodenum: 64....x: 5, y: 18
[sim] [0x419c80][4][35880023] is soln map size : 26, HLS nodenum: 127....x: 22, y: 8
[sim] [0x419c80][2][36826181] is soln map size : 29, HLS nodenum: 128....x: 5, y: 18
[sim] [0x419c80][0][38342994] is soln map size : 26, HLS nodenum: 255....x: 22, y: 8
[sim] [0x419c80][3][39286424] is soln map size : 29, HLS nodenum: 256....x: 5, y: 18
[sim] [0x419c80][0][40777669] is soln map size : 26, HLS nodenum: 31....x: 22, y: 8
[sim] [0x419c80][3][41720073] is soln map size : 29, HLS nodenum: 32....x: 5, y: 18
[sim] [0x419c80][3][43199901] is soln map size : 26, HLS nodenum: 63....x: 22, y: 8
[sim] [0x419c80][3][44149316] is soln map size : 29, HLS nodenum: 64....x: 5, y: 18
[sim] [0x419c80][2][45648551] is soln map size : 26, HLS nodenum: 127....x: 22, y: 8
[sim] [0x419c80][0][46593142] is soln map size : 29, HLS nodenum: 128....x: 5, y: 18
[sim] [0x419c80][0][48107773] is soln map size : 26, HLS nodenum: 255....x: 22, y: 8
[sim] [0x419c80][4][49045296] is soln map size : 29, HLS nodenum: 256....x: 5, y: 18
[sim] [0x419c80][4][50482937] is soln map size : 26, HLS nodenum: 31....x: 22, y: 8
[sim] [0x419c80][0][51426112] is soln map size : 29, HLS nodenum: 32....x: 5, y: 18
[sim] [0x419c80][4][52893339] is soln map size : 26, HLS nodenum: 63....x: 22, y: 8
[sim] [0x419c80][2][53832796] is soln map size : 29, HLS nodenum: 64....x: 5, y: 18
[sim] [0x419c80][0][55310636] is soln map size : 26, HLS nodenum: 127....x: 22, y: 8
[sim] [0x419c80][2][56256349] is soln map size : 29, HLS nodenum: 128....x: 5, y: 18
[sim] [0x419c80][4][57712474] is soln map size : 26, HLS nodenum: 255....x: 22, y: 8
[sim] [0x419c80][0][58660833] is soln map size : 29, HLS nodenum: 256....x: 5, y: 18
[sim] [0x419c80][2][60117921] is soln map size : 26, HLS nodenum: 31....x: 22, y: 8
[sim] [0x419c80][3][61063971] is soln map size : 29, HLS nodenum: 32....x: 5, y: 18
[sim] [0x419c80][4][62540202] is soln map size : 26, HLS nodenum: 63....x: 22, y: 8
[sim] [0x419c80][0][63484881] is soln map size : 29, HLS nodenum: 64....x: 5, y: 18
[sim] [0x419c80][3][64947484] is soln map size : 26, HLS nodenum: 127....x: 22, y: 8
[sim] [0x419c80][0][65897673] is soln map size : 29, HLS nodenum: 128....x: 5, y: 18
[sim] [0x419c80][3][67377180] is soln map size : 26, HLS nodenum: 255....x: 22, y: 8
[sim] [0x419c80][0][68321373] is soln map size : 29, HLS nodenum: 256....x: 5, y: 18
[sim] [0x419c80][0][69773804] is soln map size : 26, HLS nodenum: 31....x: 22, y: 8
[sim] [0x419c80][3][70723975] is soln map size : 29, HLS nodenum: 32....x: 5, y: 18
[sim] [0x419c80][0][72184389] is soln map size : 26, HLS nodenum: 63....x: 22, y: 8
[sim] [0x419c80][3][73123896] is soln map size : 29, HLS nodenum: 64....x: 5, y: 18
[sim] [0x419c80][4][74618295] is soln map size : 26, HLS nodenum: 127....x: 22, y: 8
[sim] [0x419c80][4][75560959] is soln map size : 29, HLS nodenum: 128....x: 5, y: 18
[sim] [0x419c80][2][77030186] is soln map size : 26, HLS nodenum: 255....x: 22, y: 8
[sim] [0x419c80][4][77977139] is soln map size : 29, HLS nodenum: 256....x: 5, y: 18
[sim] [0x419c80][0][79473439] is soln map size : 26, HLS nodenum: 31....x: 22, y: 8
[sim] [0x419c80][2][80418039] is soln map size : 29, HLS nodenum: 32....x: 5, y: 18
[sim] [0x419c80][2][81910743] is soln map size : 26, HLS nodenum: 63....x: 22, y: 8
[sim] [0x419c80][3][82856576] is soln map size : 29, HLS nodenum: 64....x: 5, y: 18
[sim] [0x419c80][0][84368633] is soln map size : 26, HLS nodenum: 127....x: 22, y: 8
[sim] [0x419c80][3][85313169] is soln map size : 29, HLS nodenum: 128....x: 5, y: 18
[sim] [0x419c80][4][86794849] is soln map size : 26, HLS nodenum: 255....x: 22, y: 8
[sim] [0x419c80][4][87735340] is soln map size : 29, HLS nodenum: 256....x: 5, y: 18
[sim] [0x419c80][2][89173088] is soln map size : 26, HLS nodenum: 31....x: 22, y: 8
[sim] [0x419c80][4][90120788] is soln map size : 29, HLS nodenum: 32....x: 5, y: 18
[sim] [0x419c80][3][91613394] is soln map size : 26, HLS nodenum: 63....x: 22, y: 8
[sim] [0x419c80][3][92556704] is soln map size : 29, HLS nodenum: 64....x: 5, y: 18
[sim] [0x419c80][2][94027470] is soln map size : 26, HLS nodenum: 127....x: 22, y: 8
[sim] [0x419c80][3][94975439] is soln map size : 29, HLS nodenum: 128....x: 5, y: 18
[sim] [0x419c80][0][96464004] is soln map size : 26, HLS nodenum: 255....x: 22, y: 8
[sim] [0x419c80][3][97415480] is soln map size : 29, HLS nodenum: 256....x: 5, y: 18
[sim] [0x419c80][3][98892630] is soln map size : 26, HLS nodenum: 31....x: 22, y: 8
[sim] [0x419c80][3][99838630] is soln map size : 29, HLS nodenum: 32....x: 5, y: 18
[sim] [0x419c80][3][101307139] is soln map size : 26, HLS nodenum: 63....x: 22, y: 8
[sim] [0x419c80][2][102255284] is soln map size : 29, HLS nodenum: 64....x: 5, y: 18
[sim] [0x419c80][2][103739931] is soln map size : 26, HLS nodenum: 127....x: 22, y: 8
[sim] [0x419c80][2][104688681] is soln map size : 29, HLS nodenum: 128....x: 5, y: 18
[sim] [0x419c80][3][106185045] is soln map size : 26, HLS nodenum: 255....x: 22, y: 8
[sim] [0x419c80][4][107134120] is soln map size : 29, HLS nodenum: 256....x: 5, y: 18
[sim] [0x419c80][0][108600577] is soln map size : 26, HLS nodenum: 31....x: 22, y: 8
[sim] [0x419c80][4][109547210] is soln map size : 29, HLS nodenum: 32....x: 5, y: 18
[sim] [0x419c80][2][111018456] is soln map size : 26, HLS nodenum: 63....x: 22, y: 8
[sim] [0x419c80][4][111965516] is soln map size : 29, HLS nodenum: 64....x: 5, y: 18
[sim] [0x419c80][2][113438874] is soln map size : 26, HLS nodenum: 127....x: 22, y: 8
[sim] [0x419c80][3][114386228] is soln map size : 29, HLS nodenum: 128....x: 5, y: 18
[sim] [0x419c80][2][115889178] is soln map size : 26, HLS nodenum: 255....x: 22, y: 8
[sim] [0x419c80][2][116831545] is soln map size : 29, HLS nodenum: 256....x: 5, y: 18
[sim] [0x419c80][4][118332706] is soln map size : 26, HLS nodenum: 31....x: 22, y: 8
[sim] [0x419c80][4][119275521] is soln map size : 29, HLS nodenum: 32....x: 5, y: 18
[sim] [0x419c80][0][120739500] is soln map size : 26, HLS nodenum: 63....x: 22, y: 8
[sim] [0x419c80][0][121688296] is soln map size : 29, HLS nodenum: 64....x: 5, y: 18
[sim] [0x419c80][3][123149947] is soln map size : 26, HLS nodenum: 127....x: 22, y: 8
[sim] [0x419c80][3][124098592] is soln map size : 29, HLS nodenum: 128....x: 5, y: 18
[sim] Max cycles reached (125000000), terminating simulation
[sim] Pin memory usage: 2833711 KB | code cache usage: 13696 / 2097152 KB
[sim] Done at cycle 125000000
[sim]                                               Committed                       Committed Cycles    Aborted                         Aborted Cycles          Cycles/Task
[sim]           PC                        Function      Tasks         Idle     Executed      Waiting      Tasks         Idle     Executed      Waiting       Mean       Max
[sim]     0x419c80  LL_pll(unsigned long, A... [M]      72546   2499757957    138669318   1062690184       2509   8562591749     20724480   1867381282       1911     15862
[sim]     0x40e190             swarm::requeuer [B]     299260     78667483     95162790            0          0            0            0            0        317       906
[sim]     0x414640  swarm::spiller(unsigned... [N]     165672            0     80934678            0          0            0            0            0        488      3607
[sim]     0x41c320  main_loop_task_para(uns... [B]         51            0     33172828           36          0            0            0            0     650447   1139565
[sim]     0x416eb0  filler(unsigned long, H... [B]        102          626     26393852        12101          0            0            0            0     258763    262002
[sim]     0x416f10  lls_search(unsigned lon... [B]        102           34       178288     56175094          0            0            0            0       1747      3520
[sim]     0x416ee0  enq_upper(unsigned long... [B]        153      9567446         6845     53269738          0            0            0            0         44       102
[sim]     0x416f50  star_t(unsigned long, i... [B]          1          163          189            0          0            0            0            0        189       189
[sim]        Total                                     537887   2587993709    374518788   1172147153       2509   8562591749     20724480   1867381282        696   1139565
[sim] Dumping termination stats
[sim] Watchdog thread done
