[sim] Invoked with arguments: -config /home/ubuntu/github/swarm_simvp/configs/64c.cfg -- /home/ubuntu/github/swarm_ecbsllhl_local/source_codes/ecbs_simple_swarm -i /home/ubuntu/github/libMultiRobotPlanning/benchmark/32x32_obst204/map_32by32_obst204_agents20_ex55.yaml -o output.yaml -w 1.2
[sim] Initialized system
[sim] [0x0][0][0] start intiial soln after start
[sim] [0x0][0][0] lls focal simm
Swarm
[DEBUG] sizeof(HighLevelNode) = 82944
[DEBUG] sizeof(PlanResult) = 2480
[DEBUG] sizeof(StateCost) = 16
[DEBUG] sizeof(ActionCost) = 8
[DEBUG] sizeof(HighLevelNode.solutions) = 49600
[DEBUG] sizeof(Constraint) = 1664
[DEBUG] sizeof(HighLevelNode.constraints) = 33280
[DEBUG] sizeof(camefrom) = 64
[DEBUG] sizeof(LLNodee) = 72
[HOOKS] ROI begin
[sim] When exiting FF, drained 1 initial tasks to TSB in 0 cycles
[sim] [0x419ae0][39][1030344] is soln map size : 22, HLS nodenum: 1....x: 3, y: 28
[sim] [0x419ae0][10][1364209] is soln map size : 19, HLS nodenum: 2....x: 4, y: 25
[sim] [0x419ae0][48][1365609] is soln map size : 19, HLS nodenum: 2....x: 4, y: 25
[sim] [0x419ae0][20][2038628] is soln map size : 22, HLS nodenum: 3....x: 3, y: 28
[sim] [0x419ae0][14][2325214] is soln map size : 7, HLS nodenum: 4....x: 4, y: 25
[sim] [0x419ae0][48][3001832] is soln map size : 23, HLS nodenum: 5....x: 3, y: 28
[sim] [0x419ae0][64][3004854] is soln map size : 22, HLS nodenum: 5....x: 3, y: 28
[sim] [0x419ae0][60][3172765] is soln map size : 22, HLS nodenum: 7....x: 3, y: 28
[sim] [0x419ae0][56][3172915] is soln map size : 23, HLS nodenum: 7....x: 3, y: 28
[sim] [0x419ae0][18][3446500] is soln map size : 21, HLS nodenum: 9....x: 24, y: 16
[sim] [0x419ae0][20][3449734] is soln map size : 21, HLS nodenum: 9....x: 24, y: 16
[sim] [0x419ae0][46][3451737] is soln map size : 21, HLS nodenum: 9....x: 24, y: 16
[sim] [0x419ae0][57][3452275] is soln map size : 20, HLS nodenum: 9....x: 24, y: 16
[sim] [0x419ae0][24][3452453] is soln map size : 20, HLS nodenum: 9....x: 24, y: 16
[sim] [0x419ae0][6][3711283] is soln map size : 19, HLS nodenum: 10....x: 24, y: 18
[sim] [0x419ae0][49][3713029] is soln map size : 19, HLS nodenum: 10....x: 24, y: 18
[sim] [0x419ae0][19][4122504] is soln map size : 22, HLS nodenum: 7....x: 3, y: 28
[sim] [0x419ae0][29][4276612] is soln map size : 7, HLS nodenum: 8....x: 4, y: 25
[sim] Marked exception on thread 0: enqueue to superdomain must wait on zoom-out
[sim] [0x419ae0][10][4649866] is soln map size : 20, HLS nodenum: 21....x: 24, y: 16
[sim] [0x419ae0][19][4650306] is soln map size : 20, HLS nodenum: 21....x: 24, y: 16
[sim] Marked exception on thread 2: enqueue to superdomain must wait on zoom-out
[sim] [0x419ae0][6][4989747] is soln map size : 19, HLS nodenum: 22....x: 24, y: 18
[sim] [0x419ae0][39][5951540] is soln map size : 20, HLS nodenum: 43....x: 24, y: 16
[sim] Marked exception on thread 2: enqueue to superdomain must wait on zoom-out
[sim] [0x419ae0][34][5953632] is soln map size : 20, HLS nodenum: 43....x: 24, y: 16
[sim] [0x419ae0][8][6368972] is soln map size : 29, HLS nodenum: 44....x: 25, y: 6
[sim] Marked exception on thread 3: enqueue to superdomain must wait on zoom-out
[sim] Marked exception on thread 0: enqueue to superdomain must wait on zoom-out
[sim] [0x419ae0][21][7057798] is soln map size : 20, HLS nodenum: 45....x: 24, y: 16
[sim] [0x419ae0][36][7058323] is soln map size : 20, HLS nodenum: 45....x: 24, y: 16
[sim] Marked exception on thread 4: enqueue to superdomain must wait on zoom-out
[sim] Marked exception on thread 2: enqueue to superdomain must wait on zoom-out
[sim] [0x419ae0][27][7250839] is soln map size : 19, HLS nodenum: 46....x: 24, y: 18
[sim] [0x419ae0][45][7251915] is soln map size : 19, HLS nodenum: 46....x: 24, y: 18
[sim] [0x419ae0][29][7252646] is soln map size : 19, HLS nodenum: 46....x: 24, y: 18
[sim] [0x419ae0][25][7928900] is soln map size : 20, HLS nodenum: 87....x: 24, y: 16
[sim] Marked exception on thread 3: enqueue to superdomain must wait on zoom-out
[sim] Marked exception on thread 4: enqueue to superdomain must wait on zoom-out
[sim] [0x419ae0][52][7931066] is soln map size : 20, HLS nodenum: 87....x: 24, y: 16
[sim] [0x419ae0][10][8231503] is soln map size : 29, HLS nodenum: 88....x: 25, y: 6
[sim] Marked exception on thread 0: enqueue to superdomain must wait on zoom-out
[sim] Marked exception on thread 2: enqueue to superdomain must wait on zoom-out
[sim] Marked exception on thread 2: enqueue to superdomain must wait on zoom-out
[sim] [0x419ae0][19][8913611] is soln map size : 20, HLS nodenum: 91....x: 24, y: 16
[sim] Marked exception on thread 4: enqueue to superdomain must wait on zoom-out
[sim] Marked exception on thread 3: enqueue to superdomain must wait on zoom-out
[sim] Marked exception on thread 2: enqueue to superdomain must wait on zoom-out
[sim] [0x419ae0][28][8916439] is soln map size : 20, HLS nodenum: 91....x: 24, y: 16
[sim] [0x419ae0][59][9180961] is soln map size : 29, HLS nodenum: 92....x: 25, y: 6
[sim] Marked exception on thread 4: enqueue to superdomain must wait on zoom-out
[sim] Marked exception on thread 0: enqueue to superdomain must wait on zoom-out
[sim] Marked exception on thread 3: enqueue to superdomain must wait on zoom-out
[sim] Marked exception on thread 3: enqueue to superdomain must wait on zoom-out
[sim] [0x419ae0][31][9849074] is soln map size : 21, HLS nodenum: 93....x: 24, y: 16
[sim] Marked exception on thread 4: enqueue to superdomain must wait on zoom-out
[sim] Marked exception on thread 0: enqueue to superdomain must wait on zoom-out
[sim] Marked exception on thread 3: enqueue to superdomain must wait on zoom-out
[sim] Marked exception on thread 4: enqueue to superdomain must wait on zoom-out
[sim] [0x419ae0][37][9850373] is soln map size : 20, HLS nodenum: 93....x: 24, y: 16
[sim] [0x419ae0][15][9852935] is soln map size : 20, HLS nodenum: 93....x: 24, y: 16
[sim] [0x419ae0][37][10197085] is soln map size : 19, HLS nodenum: 94....x: 24, y: 18
[sim] [0x419ae0][53][10198245] is soln map size : 19, HLS nodenum: 94....x: 24, y: 18
[sim] [0x419ae0][15][10922649] is soln map size : 21, HLS nodenum: 183....x: 24, y: 16
[sim] Marked exception on thread 2: enqueue to superdomain must wait on zoom-out
[sim] Marked exception on thread 4: enqueue to superdomain must wait on zoom-out
[sim] Marked exception on thread 2: enqueue to superdomain must wait on zoom-out
[sim] Marked exception on thread 4: enqueue to superdomain must wait on zoom-out
[sim] [0x419ae0][47][10924136] is soln map size : 20, HLS nodenum: 183....x: 24, y: 16
[sim] [0x419ae0][48][10925204] is soln map size : 20, HLS nodenum: 183....x: 24, y: 16
[sim] [0x419ae0][31][11327292] is soln map size : 29, HLS nodenum: 184....x: 25, y: 6
[sim] Marked exception on thread 4: enqueue to superdomain must wait on zoom-out
[sim] Marked exception on thread 2: enqueue to superdomain must wait on zoom-out
[sim] Marked exception on thread 3: enqueue to superdomain must wait on zoom-out
[sim] Marked exception on thread 4: enqueue to superdomain must wait on zoom-out
[sim] Marked exception on thread 0: enqueue to superdomain must wait on zoom-out
[sim] Marked exception on thread 4: enqueue to superdomain must wait on zoom-out
[sim] Marked exception on thread 4: enqueue to superdomain must wait on zoom-out
[sim] [0x419ae0][31][12080539] is soln map size : 20, HLS nodenum: 187....x: 24, y: 16
[sim] Marked exception on thread 3: enqueue to superdomain must wait on zoom-out
[sim] Marked exception on thread 2: enqueue to superdomain must wait on zoom-out
[sim] Marked exception on thread 3: enqueue to superdomain must wait on zoom-out
[sim] Marked exception on thread 2: enqueue to superdomain must wait on zoom-out
[sim] Marked exception on thread 0: enqueue to superdomain must wait on zoom-out
[sim] [0x419ae0][33][12083765] is soln map size : 20, HLS nodenum: 187....x: 24, y: 16
[sim] [0x419ae0][48][12210352] is soln map size : 20, HLS nodenum: 175....x: 24, y: 16
[sim] Marked exception on thread 2: enqueue to superdomain must wait on zoom-out
[sim] Marked exception on thread 3: enqueue to superdomain must wait on zoom-out
[sim] Marked exception on thread 4: enqueue to superdomain must wait on zoom-out
[sim] Marked exception on thread 0: enqueue to superdomain must wait on zoom-out
[sim] Marked exception on thread 2: enqueue to superdomain must wait on zoom-out
[sim] [0x419ae0][40][12212055] is soln map size : 20, HLS nodenum: 175....x: 24, y: 16
[sim] [0x419ae0][2][12583925] is soln map size : 29, HLS nodenum: 176....x: 25, y: 6
[sim] Marked exception on thread 4: enqueue to superdomain must wait on zoom-out
[sim] Marked exception on thread 3: enqueue to superdomain must wait on zoom-out
[sim] Marked exception on thread 4: enqueue to superdomain must wait on zoom-out
[sim] Marked exception on thread 3: enqueue to superdomain must wait on zoom-out
[sim] Marked exception on thread 4: enqueue to superdomain must wait on zoom-out
[sim] Marked exception on thread 4: enqueue to superdomain must wait on zoom-out
[sim] [0x419ae0][48][13275569] is soln map size : 20, HLS nodenum: 187....x: 24, y: 16
[sim] Marked exception on thread 2: enqueue to superdomain must wait on zoom-out
[sim] Marked exception on thread 0: enqueue to superdomain must wait on zoom-out
[sim] Marked exception on thread 2: enqueue to superdomain must wait on zoom-out
[sim] Marked exception on thread 4: enqueue to superdomain must wait on zoom-out
[sim] Marked exception on thread 0: enqueue to superdomain must wait on zoom-out
[sim] Marked exception on thread 2: enqueue to superdomain must wait on zoom-out
[sim] [0x419ae0][3][13279989] is soln map size : 20, HLS nodenum: 187....x: 24, y: 16
[sim] [0x419ae0][59][13600640] is soln map size : 29, HLS nodenum: 188....x: 25, y: 6
[sim] Marked exception on thread 0: enqueue to superdomain must wait on zoom-out
[sim] Marked exception on thread 4: enqueue to superdomain must wait on zoom-out
[sim] Marked exception on thread 2: enqueue to superdomain must wait on zoom-out
[sim] Marked exception on thread 3: enqueue to superdomain must wait on zoom-out
[sim] Marked exception on thread 2: enqueue to superdomain must wait on zoom-out
[sim] Marked exception on thread 4: enqueue to superdomain must wait on zoom-out
[sim] Marked exception on thread 4: enqueue to superdomain must wait on zoom-out
[sim] [0x419ae0][51][14300486] is soln map size : 20, HLS nodenum: 367....x: 24, y: 16
[sim] [0x419ae0][11][14300623] is soln map size : 20, HLS nodenum: 367....x: 24, y: 16
[sim] Marked exception on thread 2: enqueue to superdomain must wait on zoom-out [filtering further messages]
[sim] [0x419ae0][32][14671801] is soln map size : 29, HLS nodenum: 368....x: 25, y: 6
[sim] [0x419ae0][31][15365375] is soln map size : 20, HLS nodenum: 189....x: 24, y: 16
[sim] [0x419ae0][42][15369165] is soln map size : 20, HLS nodenum: 189....x: 24, y: 16
[sim] [0x419ae0][54][15662085] is soln map size : 19, HLS nodenum: 190....x: 24, y: 18
[sim] [0x419ae0][56][15662090] is soln map size : 19, HLS nodenum: 190....x: 24, y: 18
[sim] [0x419ae0][0][16367359] is soln map size : 20, HLS nodenum: 255....x: 24, y: 16
[sim] [0x419ae0][36][16369118] is soln map size : 20, HLS nodenum: 255....x: 24, y: 16
[sim] [0x419ae0][56][16764756] is soln map size : 29, HLS nodenum: 256....x: 25, y: 6
[sim] [0x419ae0][51][17457349] is soln map size : 20, HLS nodenum: 351....x: 24, y: 16
[sim] [0x419ae0][57][17460795] is soln map size : 20, HLS nodenum: 351....x: 24, y: 16
[sim] [0x419ae0][61][17877532] is soln map size : 29, HLS nodenum: 352....x: 25, y: 6
[sim] [0x419ae0][61][18610856] is soln map size : 20, HLS nodenum: 379....x: 24, y: 16
[sim] Marked exception on thread 0: enqueue to superdomain must wait on zoom-out [63 previous messages filtered]
[sim] [0x419ae0][26][18612741] is soln map size : 20, HLS nodenum: 379....x: 24, y: 16
[sim] [0x419ae0][42][19044650] is soln map size : 30, HLS nodenum: 380....x: 25, y: 6
[sim] [0x419ae0][23][19046144] is soln map size : 29, HLS nodenum: 380....x: 25, y: 6
[sim] [0x419ae0][61][19800374] is soln map size : 20, HLS nodenum: 223....x: 24, y: 16
[sim] [0x419ae0][5][19803248] is soln map size : 20, HLS nodenum: 223....x: 24, y: 16
[sim] [0x419ae0][32][20213781] is soln map size : 29, HLS nodenum: 224....x: 25, y: 6
[sim] [0x419ae0][14][20888861] is soln map size : 21, HLS nodenum: 31....x: 24, y: 16
[sim] [0x419ae0][51][20889590] is soln map size : 20, HLS nodenum: 31....x: 24, y: 16
[sim] [0x419ae0][2][20891964] is soln map size : 20, HLS nodenum: 31....x: 24, y: 16
[sim] [0x419ae0][3][21252672] is soln map size : 30, HLS nodenum: 32....x: 25, y: 6
[sim] [0x419ae0][48][21255788] is soln map size : 29, HLS nodenum: 32....x: 25, y: 6
[sim] [0x419ae0][31][21989998] is soln map size : 20, HLS nodenum: 381....x: 24, y: 16
[sim] [0x419ae0][18][21994506] is soln map size : 20, HLS nodenum: 381....x: 24, y: 16
[sim] [0x419ae0][54][22104961] is soln map size : 21, HLS nodenum: 375....x: 24, y: 16
[sim] [0x419ae0][52][22105495] is soln map size : 20, HLS nodenum: 375....x: 24, y: 16
[sim] [0x419ae0][44][22107113] is soln map size : 20, HLS nodenum: 375....x: 24, y: 16
[sim] [0x419ae0][32][22373510] is soln map size : 29, HLS nodenum: 376....x: 25, y: 6
[sim] [0x419ae0][4][23097313] is soln map size : 20, HLS nodenum: 447....x: 24, y: 16
[sim] [0x419ae0][58][23099049] is soln map size : 20, HLS nodenum: 447....x: 24, y: 16
[sim] [0x419ae0][50][23469072] is soln map size : 29, HLS nodenum: 448....x: 25, y: 6
[sim] Marked exception on thread 2: enqueue to superdomain must wait on zoom-out [127 previous messages filtered]
[sim] [0x419ae0][3][24169522] is soln map size : 22, HLS nodenum: 381....x: 24, y: 16
[sim] [0x419ae0][5][24170479] is soln map size : 20, HLS nodenum: 381....x: 24, y: 16
[sim] [0x419ae0][8][24170643] is soln map size : 20, HLS nodenum: 381....x: 24, y: 16
[sim] [0x419ae0][26][24502279] is soln map size : 19, HLS nodenum: 382....x: 24, y: 18
[sim] [0x419ae0][28][24502311] is soln map size : 19, HLS nodenum: 382....x: 24, y: 18
[sim] [0x419ae0][7][25243787] is soln map size : 20, HLS nodenum: 415....x: 24, y: 16
[sim] [0x419ae0][45][25245000] is soln map size : 20, HLS nodenum: 415....x: 24, y: 16
[sim] [0x419ae0][35][25519598] is soln map size : 30, HLS nodenum: 416....x: 25, y: 6
[sim] [0x419ae0][36][25519599] is soln map size : 29, HLS nodenum: 416....x: 25, y: 6
[sim] [0x419ae0][56][26293807] is soln map size : 20, HLS nodenum: 63....x: 24, y: 16
[sim] [0x419ae0][13][26296108] is soln map size : 20, HLS nodenum: 63....x: 24, y: 16
[sim] [0x419ae0][17][26422940] is soln map size : 20, HLS nodenum: 279....x: 24, y: 16
[sim] [0x419ae0][40][26423715] is soln map size : 20, HLS nodenum: 279....x: 24, y: 16
[sim] [0x419ae0][12][26713081] is soln map size : 29, HLS nodenum: 280....x: 25, y: 6
[sim] [0x419ae0][25][27441960] is soln map size : 20, HLS nodenum: 63....x: 24, y: 16
[sim] [0x419ae0][31][27442705] is soln map size : 20, HLS nodenum: 63....x: 24, y: 16
[sim] [0x419ae0][31][27862710] is soln map size : 29, HLS nodenum: 64....x: 25, y: 6
[sim] [0x419ae0][53][28593493] is soln map size : 21, HLS nodenum: 351....x: 24, y: 16
[sim] [0x419ae0][43][28595084] is soln map size : 21, HLS nodenum: 351....x: 24, y: 16
[sim] [0x419ae0][37][28596507] is soln map size : 20, HLS nodenum: 351....x: 24, y: 16
[sim] [0x419ae0][16][28598424] is soln map size : 20, HLS nodenum: 351....x: 24, y: 16
[sim] [0x419ae0][48][28983893] is soln map size : 29, HLS nodenum: 352....x: 25, y: 6
[sim] [0x419ae0][54][29746774] is soln map size : 20, HLS nodenum: 283....x: 24, y: 16
[sim] [0x419ae0][19][29750025] is soln map size : 20, HLS nodenum: 283....x: 24, y: 16
[sim] [0x419ae0][60][30174524] is soln map size : 30, HLS nodenum: 284....x: 25, y: 6
[sim] [0x419ae0][52][30175462] is soln map size : 29, HLS nodenum: 284....x: 25, y: 6
[sim] [0x419ae0][44][30933872] is soln map size : 21, HLS nodenum: 271....x: 24, y: 16
[sim] [0x419ae0][29][30934222] is soln map size : 20, HLS nodenum: 271....x: 24, y: 16
[sim] [0x419ae0][35][30936251] is soln map size : 20, HLS nodenum: 271....x: 24, y: 16
[sim] [0x419ae0][36][31204608] is soln map size : 29, HLS nodenum: 272....x: 25, y: 6
[sim] Marked exception on thread 3: enqueue to superdomain must wait on zoom-out [255 previous messages filtered]
[sim] [0x419ae0][44][31935665] is soln map size : 20, HLS nodenum: 79....x: 24, y: 16
[sim] [0x419ae0][64][31938072] is soln map size : 20, HLS nodenum: 79....x: 24, y: 16
[sim] [0x419ae0][17][32343279] is soln map size : 30, HLS nodenum: 80....x: 25, y: 6
[sim] [0x419ae0][14][32346777] is soln map size : 29, HLS nodenum: 80....x: 25, y: 6
[sim] [0x419ae0][41][33069118] is soln map size : 20, HLS nodenum: 127....x: 24, y: 16
[sim] [0x419ae0][46][33070304] is soln map size : 20, HLS nodenum: 127....x: 24, y: 16
[sim] [0x419ae0][61][33479872] is soln map size : 29, HLS nodenum: 128....x: 25, y: 6
[sim] [0x419ae0][8][34229702] is soln map size : 20, HLS nodenum: 285....x: 24, y: 16
[sim] [0x419ae0][34][34230841] is soln map size : 20, HLS nodenum: 285....x: 24, y: 16
[sim] [0x419ae0][18][34544826] is soln map size : 19, HLS nodenum: 286....x: 24, y: 18
[sim] [0x419ae0][29][34547101] is soln map size : 19, HLS nodenum: 286....x: 24, y: 18
[sim] [0x419ae0][58][34547182] is soln map size : 19, HLS nodenum: 286....x: 24, y: 18
[sim] [0x419ae0][34][35294909] is soln map size : 20, HLS nodenum: 87....x: 24, y: 16
[sim] [0x419ae0][33][35296832] is soln map size : 20, HLS nodenum: 87....x: 24, y: 16
[sim] [0x419ae0][41][35712599] is soln map size : 29, HLS nodenum: 88....x: 25, y: 6
[sim] [0x419ae0][45][36439503] is soln map size : 21, HLS nodenum: 63....x: 24, y: 16
[sim] [0x419ae0][43][36440033] is soln map size : 20, HLS nodenum: 63....x: 24, y: 16
[sim] [0x419ae0][48][36443234] is soln map size : 20, HLS nodenum: 63....x: 24, y: 16
[sim] [0x419ae0][18][36706631] is soln map size : 29, HLS nodenum: 64....x: 25, y: 6
[sim] [0x419ae0][14][37501738] is soln map size : 20, HLS nodenum: 159....x: 24, y: 16
[sim] [0x419ae0][20][37502793] is soln map size : 20, HLS nodenum: 159....x: 24, y: 16
[sim] [0x419ae0][60][37780008] is soln map size : 29, HLS nodenum: 160....x: 25, y: 6
[sim] [0x419ae0][52][38584532] is soln map size : 20, HLS nodenum: 91....x: 24, y: 16
[sim] [0x419ae0][4][38584575] is soln map size : 21, HLS nodenum: 91....x: 24, y: 16
[sim] [0x419ae0][16][38584664] is soln map size : 20, HLS nodenum: 91....x: 24, y: 16
[sim] [0x419ae0][46][38995594] is soln map size : 29, HLS nodenum: 92....x: 25, y: 6
[sim] [0x419ae0][60][39799195] is soln map size : 20, HLS nodenum: 175....x: 24, y: 16
[sim] [0x419ae0][53][39799666] is soln map size : 20, HLS nodenum: 175....x: 24, y: 16
[sim] [0x419ae0][3][40074748] is soln map size : 29, HLS nodenum: 176....x: 25, y: 6
[sim] [0x419ae0][33][40881908] is soln map size : 21, HLS nodenum: 223....x: 24, y: 16
[sim] [0x419ae0][37][40884026] is soln map size : 21, HLS nodenum: 223....x: 24, y: 16
[sim] [0x419ae0][43][40886663] is soln map size : 20, HLS nodenum: 223....x: 24, y: 16
[sim] [0x419ae0][3][40886882] is soln map size : 20, HLS nodenum: 223....x: 24, y: 16
[sim] [0x419ae0][48][41173945] is soln map size : 29, HLS nodenum: 224....x: 25, y: 6
[sim] Marked exception on thread 3: enqueue to superdomain must wait on zoom-out [511 previous messages filtered]
[sim] [0x419ae0][41][41921736] is soln map size : 20, HLS nodenum: 319....x: 24, y: 16
[sim] [0x419ae0][8][41923917] is soln map size : 20, HLS nodenum: 319....x: 24, y: 16
[sim] [0x419ae0][45][42206108] is soln map size : 29, HLS nodenum: 320....x: 25, y: 6
[sim] [0x419ae0][11][43062714] is soln map size : 20, HLS nodenum: 183....x: 24, y: 16
[sim] [0x419ae0][53][43062868] is soln map size : 20, HLS nodenum: 183....x: 24, y: 16
[sim] [0x419ae0][46][43471401] is soln map size : 29, HLS nodenum: 184....x: 25, y: 6
[sim] [0x419ae0][53][44216020] is soln map size : 20, HLS nodenum: 127....x: 24, y: 16
[sim] [0x419ae0][39][44217770] is soln map size : 20, HLS nodenum: 127....x: 24, y: 16
[sim] [0x419ae0][63][44642206] is soln map size : 29, HLS nodenum: 128....x: 25, y: 6
[sim] [0x419ae0][9][45363168] is soln map size : 20, HLS nodenum: 367....x: 24, y: 16
[sim] [0x419ae0][55][45365275] is soln map size : 20, HLS nodenum: 367....x: 24, y: 16
[sim] [0x419ae0][48][45482007] is soln map size : 20, HLS nodenum: 159....x: 24, y: 16
[sim] [0x419ae0][7][45483242] is soln map size : 20, HLS nodenum: 159....x: 24, y: 16
[sim] [0x419ae0][42][45753573] is soln map size : 30, HLS nodenum: 160....x: 25, y: 6
[sim] [0x419ae0][5][45756689] is soln map size : 29, HLS nodenum: 160....x: 25, y: 6
[sim] [0x419ae0][18][46529754] is soln map size : 22, HLS nodenum: 367....x: 24, y: 16
[sim] [0x419ae0][24][46530000] is soln map size : 21, HLS nodenum: 367....x: 24, y: 16
[sim] [0x419ae0][43][46530219] is soln map size : 22, HLS nodenum: 367....x: 24, y: 16
[sim] [0x419ae0][3][46530966] is soln map size : 20, HLS nodenum: 367....x: 24, y: 16
[sim] [0x419ae0][11][46531208] is soln map size : 20, HLS nodenum: 367....x: 24, y: 16
[sim] [0x419ae0][52][46803406] is soln map size : 29, HLS nodenum: 368....x: 25, y: 6
[sim] [0x419ae0][54][47561498] is soln map size : 21, HLS nodenum: 255....x: 24, y: 16
[sim] [0x419ae0][57][47562007] is soln map size : 21, HLS nodenum: 255....x: 24, y: 16
[sim] [0x419ae0][35][47563441] is soln map size : 20, HLS nodenum: 255....x: 24, y: 16
[sim] [0x419ae0][23][47564397] is soln map size : 20, HLS nodenum: 255....x: 24, y: 16
[sim] [0x419ae0][41][47837768] is soln map size : 29, HLS nodenum: 256....x: 25, y: 6
[sim] [0x419ae0][25][48609431] is soln map size : 20, HLS nodenum: 255....x: 24, y: 16
[sim] [0x419ae0][35][48611425] is soln map size : 20, HLS nodenum: 255....x: 24, y: 16
[sim] [0x419ae0][58][48994187] is soln map size : 29, HLS nodenum: 256....x: 25, y: 6
[sim] [0x419ae0][40][49739904] is soln map size : 21, HLS nodenum: 351....x: 24, y: 16
[sim] [0x419ae0][3][49740913] is soln map size : 21, HLS nodenum: 351....x: 24, y: 16
[sim] [0x419ae0][39][49742119] is soln map size : 20, HLS nodenum: 351....x: 24, y: 16
[sim] [0x419ae0][15][49742965] is soln map size : 20, HLS nodenum: 351....x: 24, y: 16
[sim] [0x419ae0][51][50154395] is soln map size : 29, HLS nodenum: 352....x: 25, y: 6
[sim] [0x419ae0][12][50878981] is soln map size : 21, HLS nodenum: 319....x: 24, y: 16
[sim] [0x419ae0][49][50879150] is soln map size : 21, HLS nodenum: 319....x: 24, y: 16
[sim] [0x419ae0][0][50881112] is soln map size : 20, HLS nodenum: 319....x: 24, y: 16
[sim] [0x419ae0][9][50881179] is soln map size : 20, HLS nodenum: 319....x: 24, y: 16
[sim] [0x419ae0][3][51007856] is soln map size : 22, HLS nodenum: 447....x: 24, y: 16
[sim] [0x419ae0][9][51008257] is soln map size : 21, HLS nodenum: 447....x: 24, y: 16
[sim] [0x419ae0][20][51011312] is soln map size : 20, HLS nodenum: 447....x: 24, y: 16
[sim] [0x419ae0][53][51013120] is soln map size : 20, HLS nodenum: 447....x: 24, y: 16
[sim] [0x419ae0][63][51285472] is soln map size : 29, HLS nodenum: 448....x: 25, y: 6
[sim] [0x419ae0][25][52006456] is soln map size : 20, HLS nodenum: 319....x: 24, y: 16
[sim] [0x419ae0][36][52007602] is soln map size : 20, HLS nodenum: 319....x: 24, y: 16
[sim] [0x419ae0][37][52299748] is soln map size : 30, HLS nodenum: 320....x: 25, y: 6
[sim] [0x419ae0][41][52303157] is soln map size : 29, HLS nodenum: 320....x: 25, y: 6
[sim] [0x419ae0][32][53024485] is soln map size : 20, HLS nodenum: 31....x: 24, y: 16
[sim] [0x419ae0][19][53027201] is soln map size : 20, HLS nodenum: 31....x: 24, y: 16
[sim] [0x419ae0][16][53423340] is soln map size : 30, HLS nodenum: 32....x: 25, y: 6
[sim] [0x419ae0][2][53424072] is soln map size : 29, HLS nodenum: 32....x: 25, y: 6
[sim] [0x419ae0][36][54158949] is soln map size : 20, HLS nodenum: 415....x: 24, y: 16
[sim] [0x419ae0][5][54159063] is soln map size : 21, HLS nodenum: 415....x: 24, y: 16
[sim] [0x419ae0][50][54161948] is soln map size : 20, HLS nodenum: 415....x: 24, y: 16
[sim] [0x419ae0][9][54581184] is soln map size : 29, HLS nodenum: 416....x: 25, y: 6
[sim] [0x419ae0][12][55339994] is soln map size : 20, HLS nodenum: 31....x: 24, y: 16
[sim] [0x419ae0][54][55343252] is soln map size : 20, HLS nodenum: 31....x: 24, y: 16
[sim] [0x419ae0][50][55608680] is soln map size : 29, HLS nodenum: 32....x: 25, y: 6
[sim] [0x419ae0][32][56380099] is soln map size : 20, HLS nodenum: 159....x: 24, y: 16
[sim] [0x419ae0][30][56380727] is soln map size : 20, HLS nodenum: 159....x: 24, y: 16
[sim] [0x419ae0][17][56795045] is soln map size : 29, HLS nodenum: 160....x: 25, y: 6
[sim] [0x419ae0][4][57527856] is soln map size : 20, HLS nodenum: 63....x: 24, y: 16
[sim] [0x419ae0][15][57528834] is soln map size : 20, HLS nodenum: 63....x: 24, y: 16
[sim] [0x419ae0][37][57939666] is soln map size : 29, HLS nodenum: 64....x: 25, y: 6
[sim] [0x419ae0][31][58646109] is soln map size : 20, HLS nodenum: 255....x: 24, y: 16
[sim] [0x419ae0][20][58647264] is soln map size : 20, HLS nodenum: 255....x: 24, y: 16
[sim] [0x419ae0][13][58923184] is soln map size : 30, HLS nodenum: 256....x: 25, y: 6
[sim] [0x419ae0][48][58926325] is soln map size : 29, HLS nodenum: 256....x: 25, y: 6
[sim] [0x419ae0][15][59677775] is soln map size : 20, HLS nodenum: 351....x: 24, y: 16
[sim] [0x419ae0][55][59677998] is soln map size : 22, HLS nodenum: 351....x: 24, y: 16
[sim] [0x419ae0][53][59678004] is soln map size : 20, HLS nodenum: 351....x: 24, y: 16
[sim] [0x419ae0][7][60068617] is soln map size : 30, HLS nodenum: 352....x: 25, y: 6
[sim] [0x419ae0][24][60069858] is soln map size : 29, HLS nodenum: 352....x: 25, y: 6
[sim] [0x419ae0][13][60813582] is soln map size : 20, HLS nodenum: 127....x: 24, y: 16
[sim] [0x419ae0][17][60815204] is soln map size : 20, HLS nodenum: 127....x: 24, y: 16
[sim] [0x419ae0][46][61093014] is soln map size : 29, HLS nodenum: 128....x: 25, y: 6
[sim] [0x419ae0][20][61825644] is soln map size : 21, HLS nodenum: 223....x: 24, y: 16
[sim] [0x419ae0][60][61826278] is soln map size : 20, HLS nodenum: 223....x: 24, y: 16
[sim] [0x419ae0][59][61826298] is soln map size : 20, HLS nodenum: 223....x: 24, y: 16
[sim] [0x419ae0][22][62254975] is soln map size : 29, HLS nodenum: 224....x: 25, y: 6
[sim] [0x419ae0][7][62989889] is soln map size : 21, HLS nodenum: 255....x: 24, y: 16
[sim] [0x419ae0][50][62992732] is soln map size : 21, HLS nodenum: 255....x: 24, y: 16
[sim] [0x419ae0][5][62995074] is soln map size : 21, HLS nodenum: 255....x: 24, y: 16
[sim] [0x419ae0][49][62995674] is soln map size : 21, HLS nodenum: 255....x: 24, y: 16
[sim] [0x419ae0][20][62996223] is soln map size : 20, HLS nodenum: 255....x: 24, y: 16
[sim] [0x419ae0][12][62996404] is soln map size : 20, HLS nodenum: 255....x: 24, y: 16
[sim] [0x419ae0][5][63255892] is soln map size : 30, HLS nodenum: 256....x: 25, y: 6
[sim] [0x419ae0][9][63257066] is soln map size : 29, HLS nodenum: 256....x: 25, y: 6
[sim] [0x419ae0][24][64051349] is soln map size : 20, HLS nodenum: 63....x: 24, y: 16
[sim] [0x419ae0][40][64054080] is soln map size : 20, HLS nodenum: 63....x: 24, y: 16
[sim] [0x419ae0][22][64327856] is soln map size : 30, HLS nodenum: 64....x: 25, y: 6
[sim] [0x419ae0][19][64330178] is soln map size : 29, HLS nodenum: 64....x: 25, y: 6
[sim] [0x419ae0][10][65125203] is soln map size : 21, HLS nodenum: 319....x: 24, y: 16
[sim] [0x419ae0][64][65126335] is soln map size : 21, HLS nodenum: 319....x: 24, y: 16
[sim] [0x419ae0][36][65126763] is soln map size : 20, HLS nodenum: 319....x: 24, y: 16
[sim] [0x419ae0][14][65128460] is soln map size : 20, HLS nodenum: 319....x: 24, y: 16
[sim] [0x419ae0][33][65389945] is soln map size : 29, HLS nodenum: 320....x: 25, y: 6
[sim] [0x419ae0][12][66107736] is soln map size : 20, HLS nodenum: 31....x: 24, y: 16
[sim] [0x419ae0][46][66109305] is soln map size : 20, HLS nodenum: 31....x: 24, y: 16
[sim] [0x419ae0][55][66520481] is soln map size : 29, HLS nodenum: 32....x: 25, y: 6
[sim] [0x419ae0][20][67314672] is soln map size : 20, HLS nodenum: 127....x: 24, y: 16
[sim] [0x419ae0][15][67315450] is soln map size : 20, HLS nodenum: 127....x: 24, y: 16
[sim] [0x419ae0][43][67585102] is soln map size : 29, HLS nodenum: 128....x: 25, y: 6
[sim] [0x419ae0][43][68369249] is soln map size : 20, HLS nodenum: 63....x: 24, y: 16
[sim] [0x419ae0][27][68374144] is soln map size : 20, HLS nodenum: 63....x: 24, y: 16
[sim] [0x419ae0][52][68685033] is soln map size : 29, HLS nodenum: 64....x: 25, y: 6
[sim] [0x419ae0][27][68685036] is soln map size : 30, HLS nodenum: 64....x: 25, y: 6
[sim] [0x419ae0][60][69411239] is soln map size : 20, HLS nodenum: 447....x: 24, y: 16
[sim] [0x419ae0][57][69411284] is soln map size : 20, HLS nodenum: 447....x: 24, y: 16
[sim] [0x419ae0][3][69844601] is soln map size : 29, HLS nodenum: 448....x: 25, y: 6
[sim] [0x419ae0][60][70681255] is soln map size : 21, HLS nodenum: 93....x: 24, y: 16
[sim] [0x419ae0][24][70682549] is soln map size : 20, HLS nodenum: 93....x: 24, y: 16
[sim] [0x419ae0][49][70683830] is soln map size : 20, HLS nodenum: 93....x: 24, y: 16
[sim] [0x419ae0][43][70889951] is soln map size : 19, HLS nodenum: 94....x: 24, y: 18
[sim] [0x419ae0][27][71667274] is soln map size : 20, HLS nodenum: 415....x: 24, y: 16
[sim] [0x419ae0][61][71670304] is soln map size : 20, HLS nodenum: 415....x: 24, y: 16
[sim] [0x419ae0][52][71976269] is soln map size : 29, HLS nodenum: 416....x: 25, y: 6
[sim] [0x419ae0][61][72714684] is soln map size : 20, HLS nodenum: 127....x: 24, y: 16
[sim] [0x419ae0][0][72715687] is soln map size : 20, HLS nodenum: 127....x: 24, y: 16
[sim] [0x419ae0][7][73140127] is soln map size : 29, HLS nodenum: 128....x: 25, y: 6
[sim] [0x419ae0][41][73907566] is soln map size : 20, HLS nodenum: 159....x: 24, y: 16
[sim] [0x419ae0][19][73908544] is soln map size : 20, HLS nodenum: 159....x: 24, y: 16
[sim] [0x419ae0][25][74314077] is soln map size : 29, HLS nodenum: 160....x: 25, y: 6
[sim] [0x419ae0][24][75130766] is soln map size : 20, HLS nodenum: 255....x: 24, y: 16
[sim] [0x419ae0][10][75133846] is soln map size : 20, HLS nodenum: 255....x: 24, y: 16
[sim] [0x419ae0][46][75267202] is soln map size : 20, HLS nodenum: 31....x: 24, y: 16
[sim] [0x419ae0][53][75268367] is soln map size : 20, HLS nodenum: 31....x: 24, y: 16
[sim] [0x419ae0][48][75546684] is soln map size : 29, HLS nodenum: 32....x: 25, y: 6
[sim] [0x419ae0][53][75546735] is soln map size : 30, HLS nodenum: 32....x: 25, y: 6
[sim] [0x419ae0][11][76345726] is soln map size : 20, HLS nodenum: 189....x: 24, y: 16
[sim] [0x419ae0][2][76347211] is soln map size : 20, HLS nodenum: 189....x: 24, y: 16
[sim] [0x419ae0][16][76664885] is soln map size : 19, HLS nodenum: 190....x: 24, y: 18
[sim] [0x419ae0][45][76664917] is soln map size : 19, HLS nodenum: 190....x: 24, y: 18
[sim] [0x419ae0][49][77457357] is soln map size : 20, HLS nodenum: 63....x: 24, y: 16
[sim] [0x419ae0][37][77459562] is soln map size : 20, HLS nodenum: 63....x: 24, y: 16
[sim] [0x419ae0][60][77725224] is soln map size : 29, HLS nodenum: 64....x: 25, y: 6
[sim] [0x419ae0][18][78455416] is soln map size : 20, HLS nodenum: 255....x: 24, y: 16
[sim] [0x419ae0][14][78458217] is soln map size : 20, HLS nodenum: 255....x: 24, y: 16
[sim] [0x419ae0][49][78854492] is soln map size : 29, HLS nodenum: 256....x: 25, y: 6
[sim] [0x419ae0][8][79728679] is soln map size : 21, HLS nodenum: 319....x: 24, y: 16
[sim] [0x419ae0][19][79729563] is soln map size : 21, HLS nodenum: 319....x: 24, y: 16
[sim] [0x419ae0][11][79730743] is soln map size : 20, HLS nodenum: 319....x: 24, y: 16
[sim] [0x419ae0][10][79730857] is soln map size : 20, HLS nodenum: 319....x: 24, y: 16
[sim] [0x419ae0][64][80109830] is soln map size : 29, HLS nodenum: 320....x: 25, y: 6
[sim] [0x419ae0][20][80913864] is soln map size : 22, HLS nodenum: 223....x: 24, y: 16
[sim] [0x419ae0][10][80914228] is soln map size : 20, HLS nodenum: 223....x: 24, y: 16
[sim] [0x419ae0][15][80918461] is soln map size : 20, HLS nodenum: 223....x: 24, y: 16
[sim] [0x419ae0][11][81325963] is soln map size : 30, HLS nodenum: 224....x: 25, y: 6
[sim] [0x419ae0][38][81327587] is soln map size : 29, HLS nodenum: 224....x: 25, y: 6
[sim] [0x419ae0][20][82159269] is soln map size : 22, HLS nodenum: 379....x: 24, y: 16
[sim] [0x419ae0][62][82159352] is soln map size : 20, HLS nodenum: 379....x: 24, y: 16
[sim] [0x419ae0][3][82159357] is soln map size : 20, HLS nodenum: 379....x: 24, y: 16
[sim] [0x419ae0][10][82430593] is soln map size : 29, HLS nodenum: 380....x: 25, y: 6
[sim] [0x419ae0][13][83412618] is soln map size : 20, HLS nodenum: 127....x: 24, y: 16
[sim] [0x419ae0][6][83415840] is soln map size : 20, HLS nodenum: 127....x: 24, y: 16
[sim] [0x419ae0][64][83692434] is soln map size : 29, HLS nodenum: 128....x: 25, y: 6
[sim] [0x419ae0][39][83692497] is soln map size : 30, HLS nodenum: 128....x: 25, y: 6
[sim] [0x419ae0][34][84537533] is soln map size : 20, HLS nodenum: 351....x: 24, y: 16
[sim] [0x419ae0][33][84538118] is soln map size : 20, HLS nodenum: 351....x: 24, y: 16
[sim] [0x419ae0][14][84808380] is soln map size : 29, HLS nodenum: 352....x: 25, y: 6
[sim] [0x419ae0][22][85567249] is soln map size : 20, HLS nodenum: 279....x: 24, y: 16
[sim] [0x419ae0][48][85568005] is soln map size : 20, HLS nodenum: 279....x: 24, y: 16
[sim] [0x419ae0][29][85985981] is soln map size : 30, HLS nodenum: 280....x: 25, y: 6
[sim] [0x419ae0][10][85988044] is soln map size : 29, HLS nodenum: 280....x: 25, y: 6
[sim] [0x419ae0][14][86782483] is soln map size : 22, HLS nodenum: 381....x: 24, y: 16
[sim] [0x419ae0][26][86782844] is soln map size : 20, HLS nodenum: 381....x: 24, y: 16
[sim] [0x419ae0][0][86783734] is soln map size : 20, HLS nodenum: 381....x: 24, y: 16
[sim] [0x419ae0][32][87081923] is soln map size : 19, HLS nodenum: 382....x: 24, y: 18
[sim] [0x419ae0][57][87086097] is soln map size : 19, HLS nodenum: 382....x: 24, y: 18
[sim] [0x419ae0][10][87952281] is soln map size : 20, HLS nodenum: 79....x: 24, y: 16
[sim] [0x419ae0][60][87954799] is soln map size : 20, HLS nodenum: 79....x: 24, y: 16
[sim] [0x419ae0][22][88224523] is soln map size : 29, HLS nodenum: 80....x: 25, y: 6
[sim] [0x419ae0][50][88971161] is soln map size : 20, HLS nodenum: 447....x: 24, y: 16
[sim] [0x419ae0][24][88971529] is soln map size : 20, HLS nodenum: 447....x: 24, y: 16
[sim] [0x419ae0][47][89381566] is soln map size : 29, HLS nodenum: 448....x: 25, y: 6
[sim] [0x419ae0][13][90215472] is soln map size : 20, HLS nodenum: 285....x: 24, y: 16
[sim] [0x419ae0][14][90216422] is soln map size : 20, HLS nodenum: 285....x: 24, y: 16
[sim] [0x419ae0][11][90408987] is soln map size : 19, HLS nodenum: 286....x: 24, y: 18
[sim] [0x419ae0][54][90409118] is soln map size : 19, HLS nodenum: 286....x: 24, y: 18
[sim] [0x419ae0][33][91338958] is soln map size : 20, HLS nodenum: 283....x: 24, y: 16
[sim] [0x419ae0][15][91339209] is soln map size : 20, HLS nodenum: 283....x: 24, y: 16
[sim] [0x419ae0][60][91593395] is soln map size : 29, HLS nodenum: 284....x: 25, y: 6
[sim] [0x419ae0][27][92458208] is soln map size : 20, HLS nodenum: 415....x: 24, y: 16
[sim] [0x419ae0][5][92460234] is soln map size : 20, HLS nodenum: 415....x: 24, y: 16
[sim] [0x419ae0][8][92736852] is soln map size : 29, HLS nodenum: 416....x: 25, y: 6
[sim] [0x419ae0][51][93583102] is soln map size : 21, HLS nodenum: 159....x: 24, y: 16
[sim] [0x419ae0][40][93583947] is soln map size : 21, HLS nodenum: 159....x: 24, y: 16
[sim] [0x419ae0][14][93584375] is soln map size : 20, HLS nodenum: 159....x: 24, y: 16
[sim] [0x419ae0][63][93585611] is soln map size : 20, HLS nodenum: 159....x: 24, y: 16
[sim] [0x419ae0][19][93989709] is soln map size : 29, HLS nodenum: 160....x: 25, y: 6
[sim] [0x419ae0][8][94777419] is soln map size : 20, HLS nodenum: 255....x: 24, y: 16
[sim] [0x419ae0][16][94781478] is soln map size : 20, HLS nodenum: 255....x: 24, y: 16
[sim] [0x419ae0][43][95202693] is soln map size : 30, HLS nodenum: 256....x: 25, y: 6
[sim] [0x419ae0][49][95202977] is soln map size : 29, HLS nodenum: 256....x: 25, y: 6
[sim] [0x419ae0][39][96162695] is soln map size : 20, HLS nodenum: 159....x: 24, y: 16
[sim] [0x419ae0][11][96164064] is soln map size : 20, HLS nodenum: 159....x: 24, y: 16
[sim] [0x419ae0][59][96440953] is soln map size : 29, HLS nodenum: 160....x: 25, y: 6
[sim] [0x419ae0][11][97370205] is soln map size : 20, HLS nodenum: 93....x: 24, y: 16
[sim] [0x419ae0][5][97372327] is soln map size : 20, HLS nodenum: 93....x: 24, y: 16
[sim] [0x419ae0][45][97609675] is soln map size : 19, HLS nodenum: 94....x: 24, y: 18
[sim] [0x419ae0][42][97612576] is soln map size : 19, HLS nodenum: 94....x: 24, y: 18
[sim] [0x419ae0][64][98386259] is soln map size : 20, HLS nodenum: 91....x: 24, y: 16
[sim] [0x419ae0][18][98386526] is soln map size : 20, HLS nodenum: 91....x: 24, y: 16
[sim] [0x419ae0][32][98783646] is soln map size : 29, HLS nodenum: 92....x: 25, y: 6
[sim] [0x419ae0][39][99683587] is soln map size : 21, HLS nodenum: 187....x: 24, y: 16
[sim] [0x419ae0][36][99685865] is soln map size : 21, HLS nodenum: 187....x: 24, y: 16
[sim] [0x419ae0][63][99690969] is soln map size : 20, HLS nodenum: 187....x: 24, y: 16
[sim] [0x419ae0][13][99694098] is soln map size : 20, HLS nodenum: 187....x: 24, y: 16
[sim] [0x419ae0][24][99808374] is soln map size : 20, HLS nodenum: 31....x: 24, y: 16
[sim] [0x419ae0][31][99809525] is soln map size : 20, HLS nodenum: 31....x: 24, y: 16
[sim] [0x419ae0][45][100090464] is soln map size : 29, HLS nodenum: 32....x: 25, y: 6
[sim] [0x419ae0][13][100947655] is soln map size : 22, HLS nodenum: 187....x: 24, y: 16
[sim] [0x419ae0][13][100950290] is soln map size : 22, HLS nodenum: 187....x: 24, y: 16
[sim] [0x419ae0][46][100951247] is soln map size : 22, HLS nodenum: 187....x: 24, y: 16
[sim] [0x419ae0][23][100954684] is soln map size : 20, HLS nodenum: 187....x: 24, y: 16
[sim] [0x419ae0][14][100956079] is soln map size : 20, HLS nodenum: 187....x: 24, y: 16
[sim] [0x419ae0][18][101348215] is soln map size : 29, HLS nodenum: 188....x: 25, y: 6
[sim] [0x419ae0][39][102194840] is soln map size : 21, HLS nodenum: 183....x: 24, y: 16
[sim] [0x419ae0][60][102195810] is soln map size : 20, HLS nodenum: 183....x: 24, y: 16
[sim] [0x419ae0][52][102196630] is soln map size : 20, HLS nodenum: 183....x: 24, y: 16
[sim] [0x419ae0][42][102462289] is soln map size : 30, HLS nodenum: 184....x: 25, y: 6
[sim] [0x419ae0][26][102462482] is soln map size : 29, HLS nodenum: 184....x: 25, y: 6
[sim] [0x419ae0][26][103329295] is soln map size : 21, HLS nodenum: 255....x: 24, y: 16
[sim] [0x419ae0][56][103329819] is soln map size : 20, HLS nodenum: 255....x: 24, y: 16
[sim] [0x419ae0][44][103331663] is soln map size : 20, HLS nodenum: 255....x: 24, y: 16
[sim] [0x419ae0][24][103748834] is soln map size : 29, HLS nodenum: 256....x: 25, y: 6
[sim] [0x419ae0][39][104594113] is soln map size : 20, HLS nodenum: 189....x: 24, y: 16
[sim] [0x419ae0][58][104597033] is soln map size : 20, HLS nodenum: 189....x: 24, y: 16
[sim] [0x419ae0][20][104844465] is soln map size : 19, HLS nodenum: 190....x: 24, y: 18
[sim] [0x419ae0][50][104846609] is soln map size : 19, HLS nodenum: 190....x: 24, y: 18
[sim] [0x419ae0][28][105667161] is soln map size : 20, HLS nodenum: 187....x: 24, y: 16
[sim] [0x419ae0][49][105669777] is soln map size : 20, HLS nodenum: 187....x: 24, y: 16
[sim] [0x419ae0][11][105998317] is soln map size : 29, HLS nodenum: 188....x: 25, y: 6
[sim] [0x419ae0][18][106833074] is soln map size : 20, HLS nodenum: 351....x: 24, y: 16
[sim] [0x419ae0][19][106833122] is soln map size : 20, HLS nodenum: 351....x: 24, y: 16
[sim] [0x419ae0][11][107248920] is soln map size : 29, HLS nodenum: 352....x: 25, y: 6
[sim] [0x419ae0][34][108066719] is soln map size : 21, HLS nodenum: 223....x: 24, y: 16
[sim] [0x419ae0][55][108068033] is soln map size : 21, HLS nodenum: 223....x: 24, y: 16
[sim] [0x419ae0][21][108068603] is soln map size : 20, HLS nodenum: 223....x: 24, y: 16
[sim] [0x419ae0][64][108070348] is soln map size : 20, HLS nodenum: 223....x: 24, y: 16
[sim] [0x419ae0][38][108482997] is soln map size : 29, HLS nodenum: 224....x: 25, y: 6
[sim] [0x419ae0][43][109288427] is soln map size : 20, HLS nodenum: 63....x: 24, y: 16
[sim] [0x419ae0][52][109289372] is soln map size : 20, HLS nodenum: 63....x: 24, y: 16
[sim] [0x419ae0][46][109693240] is soln map size : 29, HLS nodenum: 64....x: 25, y: 6
[sim] [0x419ae0][45][110564781] is soln map size : 22, HLS nodenum: 87....x: 24, y: 16
[sim] [0x419ae0][62][110566528] is soln map size : 21, HLS nodenum: 87....x: 24, y: 16
[sim] [0x419ae0][37][110567646] is soln map size : 20, HLS nodenum: 87....x: 24, y: 16
[sim] [0x419ae0][27][110568018] is soln map size : 20, HLS nodenum: 87....x: 24, y: 16
[sim] [0x419ae0][44][110980351] is soln map size : 29, HLS nodenum: 88....x: 25, y: 6
[sim] [0x419ae0][10][111855625] is soln map size : 20, HLS nodenum: 367....x: 24, y: 16
[sim] [0x419ae0][26][111855942] is soln map size : 20, HLS nodenum: 367....x: 24, y: 16
[sim] [0x419ae0][46][112004257] is soln map size : 20, HLS nodenum: 319....x: 24, y: 16
[sim] [0x419ae0][7][112008025] is soln map size : 20, HLS nodenum: 319....x: 24, y: 16
[sim] [0x419ae0][34][112277013] is soln map size : 29, HLS nodenum: 320....x: 25, y: 6
[sim] [0x419ae0][64][113091429] is soln map size : 21, HLS nodenum: 175....x: 24, y: 16
[sim] [0x419ae0][26][113091541] is soln map size : 20, HLS nodenum: 175....x: 24, y: 16
[sim] [0x419ae0][33][113091931] is soln map size : 20, HLS nodenum: 175....x: 24, y: 16
[sim] [0x419ae0][37][113498027] is soln map size : 29, HLS nodenum: 176....x: 25, y: 6
[sim] [0x419ae0][39][114428679] is soln map size : 22, HLS nodenum: 127....x: 24, y: 16
[sim] [0x419ae0][18][114430112] is soln map size : 20, HLS nodenum: 127....x: 24, y: 16
[sim] [0x419ae0][25][114430876] is soln map size : 20, HLS nodenum: 127....x: 24, y: 16
[sim] [0x419ae0][7][114701516] is soln map size : 29, HLS nodenum: 128....x: 25, y: 6
[sim] [0x419ae0][60][115550832] is soln map size : 20, HLS nodenum: 447....x: 24, y: 16
[sim] [0x419ae0][44][115552459] is soln map size : 20, HLS nodenum: 447....x: 24, y: 16
[sim] [0x419ae0][40][115966917] is soln map size : 29, HLS nodenum: 448....x: 25, y: 6
[sim] [0x419ae0][29][116977956] is soln map size : 21, HLS nodenum: 159....x: 24, y: 16
[sim] [0x419ae0][0][116979388] is soln map size : 20, HLS nodenum: 159....x: 24, y: 16
[sim] [0x419ae0][45][116979595] is soln map size : 20, HLS nodenum: 159....x: 24, y: 16
[sim] [0x419ae0][5][117255116] is soln map size : 29, HLS nodenum: 160....x: 25, y: 6
[sim] [0x419ae0][5][118127219] is soln map size : 21, HLS nodenum: 351....x: 24, y: 16
[sim] [0x419ae0][10][118129842] is soln map size : 20, HLS nodenum: 351....x: 24, y: 16
[sim] [0x419ae0][32][118130382] is soln map size : 20, HLS nodenum: 351....x: 24, y: 16
[sim] [0x419ae0][26][118508788] is soln map size : 29, HLS nodenum: 352....x: 25, y: 6
[sim] [0x419ae0][50][119439700] is soln map size : 21, HLS nodenum: 375....x: 24, y: 16
[sim] [0x419ae0][50][119442120] is soln map size : 21, HLS nodenum: 375....x: 24, y: 16
[sim] [0x419ae0][64][119442848] is soln map size : 21, HLS nodenum: 375....x: 24, y: 16
[sim] [0x419ae0][46][119443631] is soln map size : 20, HLS nodenum: 375....x: 24, y: 16
[sim] [0x419ae0][62][119444964] is soln map size : 20, HLS nodenum: 375....x: 24, y: 16
[sim] [0x419ae0][20][119839278] is soln map size : 29, HLS nodenum: 376....x: 25, y: 6
[sim] [0x419ae0][59][120846381] is soln map size : 20, HLS nodenum: 31....x: 24, y: 16
[sim] [0x419ae0][6][120847003] is soln map size : 20, HLS nodenum: 31....x: 24, y: 16
[sim] [0x419ae0][20][121125401] is soln map size : 29, HLS nodenum: 32....x: 25, y: 6
[sim] [0x419ae0][57][122089237] is soln map size : 20, HLS nodenum: 379....x: 24, y: 16
[sim] [0x419ae0][19][122089931] is soln map size : 20, HLS nodenum: 379....x: 24, y: 16
[sim] [0x419ae0][21][122495729] is soln map size : 29, HLS nodenum: 380....x: 25, y: 6
[sim] [0x419ae0][38][123528627] is soln map size : 20, HLS nodenum: 367....x: 24, y: 16
[sim] [0x419ae0][42][123529419] is soln map size : 20, HLS nodenum: 367....x: 24, y: 16
[sim] [0x419ae0][7][123861701] is soln map size : 29, HLS nodenum: 368....x: 25, y: 6
[sim] [0x419ae0][61][124724244] is soln map size : 21, HLS nodenum: 31....x: 24, y: 16
[sim] [0x419ae0][8][124818270] is soln map size : 20, HLS nodenum: 255....x: 24, y: 16
[sim] [0x419ae0][48][124820301] is soln map size : 20, HLS nodenum: 255....x: 24, y: 16
[sim] Max cycles reached (125000000), terminating simulation
[sim] Pin memory usage: 2911695 KB | code cache usage: 14080 / 2097152 KB
[sim] Done at cycle 125000000
[sim]                                               Committed                       Committed Cycles    Aborted                         Aborted Cycles          Cycles/Task
[sim]           PC                        Function      Tasks         Idle     Executed      Waiting      Tasks         Idle     Executed      Waiting       Mean       Max
[sim]     0x419ae0  LL_pll(unsigned long, A... [M]     119907    365529742    223217269   5263805937     895416  12444680686   1107849496  25134848323       1861     20747
[sim]     0x41c180  main_loop_task_para(uns... [B]        109       787849    103993875            0       5029    108068703    642856684       314252     954072   1243475
[sim]     0x416d10  filler(unsigned long, H... [B]        216     15067365     57838476        24362        251       997341     21500579        44395     267770    270468
[sim]     0x416d70  lls_search(unsigned lon... [B]        218         2962       417489     32130483        441      1530880       784949     19361936       1915      9966
[sim]     0x416d40  enq_upper(unsigned long... [B]        106     10521835         4244     35282053      23222   5763917829       313217   4136976529         40        95
[sim]     0x4144a0  swarm::spiller(unsigned... [N]          3            0         8137            0          0            0            0            0       2712      3576
[sim]     0x40e110             swarm::requeuer [B]          5        88840         1769            0          0            0            0            0        353       466
[sim]     0x414330  swarm::frame_spiller(un... [N]          1            0         1033            0          0            0            0            0       1033      1033
[sim]     0x416db0  star_t(unsigned long, i... [B]          1          162          188            0          0            0            0            0        188       188
[sim]     0x40e220       swarm::frame_requeuer [B]          0            0            0            0          0            0            0            0          0         0
[sim]        Total                                     120566    391998755    385482480   5331242835     924359  18319195439   1773304925  29291545435       3197   1243475
[sim] Dumping termination stats
[sim] Watchdog thread done
